SF:lib/features/auth/presentation/viewmodels/auth_controller.dart
DA:9,0
DA:10,0
DA:14,0
DA:15,0
DA:16,0
DA:20,0
DA:21,0
DA:28,0
DA:30,0
DA:31,0
DA:34,0
DA:35,0
DA:36,0
DA:37,0
DA:40,0
DA:41,0
DA:42,0
DA:43,0
DA:46,0
DA:47,0
DA:48,0
DA:51,0
DA:52,0
DA:53,0
DA:57,0
DA:58,0
DA:61,1
DA:62,1
DA:63,1
DA:65,1
DA:67,1
DA:68,1
DA:71,2
LF:33
LH:7
end_of_record
SF:lib/features/auth/data/datasources/firebase_auth_datasource.dart
DA:7,0
DA:9,0
DA:11,0
DA:13,0
DA:14,0
DA:17,0
DA:18,0
DA:20,0
DA:23,0
DA:25,0
DA:27,0
DA:30,0
DA:31,0
DA:32,0
DA:35,0
DA:37,0
DA:42,0
DA:43,0
DA:44,0
DA:45,0
DA:47,0
DA:48,0
DA:52,0
DA:55,0
DA:57,0
LF:25
LH:0
end_of_record
SF:lib/features/auth/data/repositories/auth_repository_impl.dart
DA:8,0
DA:10,0
DA:11,0
DA:13,0
DA:14,0
DA:16,0
DA:17,0
DA:19,0
DA:21,0
DA:23,0
DA:25,0
DA:27,0
DA:28,0
DA:30,0
DA:32,0
DA:34,0
DA:35,0
DA:36,0
DA:37,0
DA:38,0
LF:20
LH:0
end_of_record
SF:lib/features/auth/domain/entities/app_user.dart
DA:5,0
LF:1
LH:0
end_of_record
SF:lib/features/catalog/presentation/viewmodels/catalog_viewmodel.dart
DA:9,2
DA:10,3
DA:12,4
DA:13,2
DA:14,1
DA:19,1
DA:21,3
DA:22,1
DA:26,2
DA:27,1
DA:31,0
DA:32,0
DA:35,0
DA:42,8
DA:43,8
DA:48,4
DA:49,4
DA:50,0
DA:53,0
DA:55,0
DA:57,0
DA:58,0
DA:59,0
DA:61,0
DA:66,0
DA:68,0
DA:69,0
DA:70,0
DA:71,0
DA:74,0
DA:75,0
DA:76,0
DA:77,0
DA:78,0
DA:80,0
DA:84,0
DA:87,0
DA:88,0
DA:90,0
DA:91,0
DA:93,0
DA:94,0
DA:95,0
DA:97,0
DA:98,0
DA:99,0
LF:46
LH:14
end_of_record
SF:lib/features/catalog/data/datasources/catalog_remote_datasource.dart
DA:6,1
DA:8,2
DA:10,2
DA:11,2
DA:12,4
DA:14,0
LF:6
LH:5
end_of_record
SF:lib/features/catalog/domain/entities/product.dart
DA:10,6
DA:20,1
DA:21,1
DA:22,1
DA:23,1
DA:24,2
DA:25,1
DA:26,1
DA:27,1
DA:28,2
LF:10
LH:10
end_of_record
SF:lib/features/catalog/data/repositories/catalog_repository_impl.dart
DA:8,1
DA:10,1
DA:12,2
LF:3
LH:3
end_of_record
SF:lib/features/checkout/presentation/pages/orders_page.dart
DA:7,1
DA:9,1
DA:11,2
DA:13,1
DA:14,1
DA:15,1
DA:17,0
DA:19,0
DA:20,0
DA:21,0
DA:22,0
DA:23,0
DA:24,0
DA:25,0
DA:26,0
DA:27,0
DA:31,0
DA:32,0
DA:35,0
LF:19
LH:6
end_of_record
SF:lib/features/cart/domain/entities/cart_item.dart
DA:8,3
DA:16,4
DA:17,2
DA:18,2
DA:19,2
DA:20,2
DA:21,0
LF:7
LH:6
end_of_record
SF:lib/features/checkout/domain/entities/order.dart
DA:10,0
LF:1
LH:0
end_of_record
SF:lib/features/checkout/presentation/viewmodels/orders_viewmodel.dart
DA:6,2
DA:8,0
DA:9,0
DA:10,0
DA:11,0
DA:13,0
DA:16,0
DA:20,3
DA:21,2
LF:9
LH:3
end_of_record
SF:lib/features/cart/presentation/viewmodels/cart_viewmodel.dart
DA:6,6
DA:8,3
DA:9,14
DA:10,6
DA:11,6
DA:12,3
DA:13,3
DA:14,3
DA:15,3
DA:16,3
DA:17,3
DA:22,4
DA:23,2
DA:24,8
DA:25,2
DA:29,0
DA:30,0
DA:31,0
DA:32,0
DA:33,0
DA:34,0
DA:37,0
DA:38,0
DA:39,0
DA:40,0
DA:41,0
DA:42,0
DA:44,0
DA:45,0
DA:46,0
DA:50,0
DA:51,0
DA:54,2
DA:57,9
DA:58,6
DA:60,8
DA:61,4
DA:62,12
DA:65,8
DA:66,4
DA:67,8
LF:41
LH:24
end_of_record
